TN:
SF:src\AppRoot.tsx
FN:8,(anonymous_0)
FNF:1
FNH:0
FNDA:0,(anonymous_0)
DA:8,0
DA:9,0
LF:2
LH:0
BRF:0
BRH:0
end_of_record
TN:
SF:src\core\country\CountryProvider.tsx
FN:11,(anonymous_0)
FNF:1
FNH:1
FNDA:6,(anonymous_0)
DA:11,2
DA:12,6
LF:2
LH:2
BRF:0
BRH:0
end_of_record
TN:
SF:src\core\country\countries.ts
FN:16,(anonymous_0)
FN:27,(anonymous_1)
FN:16,(anonymous_0)
FN:27,(anonymous_1)
FNF:4
FNH:4
FNDA:5,(anonymous_0)
FNDA:6,(anonymous_1)
FNDA:11,(anonymous_0)
FNDA:28,(anonymous_1)
DA:16,11
DA:24,3
DA:27,28
LF:3
LH:3
BRF:0
BRH:0
end_of_record
TN:
SF:src\core\country\countryContext.ts
FN:18,(anonymous_0)
FNF:1
FNH:1
FNDA:5,(anonymous_0)
DA:1,2
DA:16,2
DA:18,2
DA:19,5
DA:20,5
DA:21,5
LF:6
LH:6
BRDA:20,0,0,0
BRDA:20,0,1,5
BRF:2
BRH:1
end_of_record
TN:
SF:src\core\graphql\GraphQLProvider.tsx
FN:27,(anonymous_0)
FN:28,(anonymous_1)
FNF:2
FNH:2
FNDA:4,(anonymous_0)
FNDA:4,(anonymous_1)
DA:27,1
DA:28,4
DA:30,4
LF:3
LH:3
BRDA:30,0,0,4
BRDA:30,0,1,4
BRF:2
BRH:2
end_of_record
TN:
SF:src\core\graphql\client.ts
FN:7,(anonymous_0)
FN:18,(anonymous_1)
FNF:2
FNH:2
FNDA:6,(anonymous_0)
FNDA:4,(anonymous_1)
DA:7,6
DA:18,1
DA:19,4
LF:3
LH:3
BRDA:7,0,0,6
BRDA:7,0,1,6
BRDA:18,1,0,4
BRF:3
BRH:3
end_of_record
TN:
SF:src\core\graphql\documents.ts
FNF:0
FNH:0
DA:8,2
DA:17,2
DA:28,2
DA:46,2
LF:4
LH:4
BRF:0
BRH:0
end_of_record
TN:
SF:src\core\graphql\readers.ts
FN:12,(anonymous_0)
FN:12,(anonymous_1)
FN:20,(anonymous_2)
FN:23,(anonymous_3)
FN:27,(anonymous_4)
FN:28,(anonymous_5)
FN:12,(anonymous_0)
FN:20,(anonymous_2)
FN:23,(anonymous_3)
FNF:9
FNH:9
FNDA:1,(anonymous_0)
FNDA:1,(anonymous_1)
FNDA:1,(anonymous_2)
FNDA:2,(anonymous_3)
FNDA:1,(anonymous_4)
FNDA:2,(anonymous_5)
FNDA:1,(anonymous_0)
FNDA:1,(anonymous_2)
FNDA:2,(anonymous_3)
DA:12,2
DA:20,2
DA:23,2
DA:24,2
DA:25,2
DA:27,1
DA:28,2
LF:7
LH:7
BRDA:20,0,0,1
BRDA:20,0,1,1
BRDA:25,1,0,1
BRDA:25,1,1,1
BRDA:28,2,0,1
BRDA:28,2,1,1
BRF:6
BRH:6
end_of_record
TN:
SF:src\core\graphql\generated\fragment-masking.ts
FN:58,useFragment
FN:66,makeFragmentData
FN:72,isFragmentReady
FN:86,(anonymous_3)
FNF:4
FNH:0
FNDA:0,useFragment
FNDA:0,makeFragmentData
FNDA:0,isFragmentReady
FNDA:0,(anonymous_3)
DA:62,0
DA:70,0
DA:77,0
DA:80,0
DA:82,0
DA:83,0
DA:85,0
DA:86,0
LF:8
LH:0
BRDA:80,0,0,0
BRDA:80,0,1,0
BRDA:85,1,0,0
BRDA:85,1,1,0
BRDA:85,1,2,0
BRDA:86,2,0,0
BRDA:86,2,1,0
BRDA:86,3,0,0
BRDA:86,3,1,0
BRF:9
BRH:0
end_of_record
TN:
SF:src\core\graphql\generated\gql.ts
FN:60,graphql
FNF:1
FNH:1
FNDA:8,graphql
DA:22,2
DA:61,8
LF:2
LH:2
BRDA:61,0,0,8
BRDA:61,0,1,0
BRF:2
BRH:1
end_of_record
TN:
SF:src\core\graphql\generated\graphql.ts
FNF:0
FNH:0
DA:36,2
DA:37,2
DA:38,2
DA:39,2
LF:4
LH:4
BRF:0
BRH:0
end_of_record
TN:
SF:src\core\graphql\mocks\fixtures.ts
FNF:0
FNH:0
DA:9,1
DA:14,1
DA:19,1
DA:31,1
LF:4
LH:4
BRF:0
BRH:0
end_of_record
TN:
SF:src\core\graphql\mocks\handlers.ts
FN:21,(anonymous_0)
FN:23,(anonymous_1)
FN:27,(anonymous_2)
FN:28,(anonymous_3)
FN:32,(anonymous_4)
FN:45,(anonymous_5)
FN:46,(anonymous_6)
FN:47,(anonymous_7)
FN:48,(anonymous_8)
FN:53,(anonymous_9)
FN:54,(anonymous_10)
FNF:11
FNH:4
FNDA:0,(anonymous_0)
FNDA:0,(anonymous_1)
FNDA:2,(anonymous_2)
FNDA:2,(anonymous_3)
FNDA:0,(anonymous_4)
FNDA:1,(anonymous_5)
FNDA:0,(anonymous_6)
FNDA:0,(anonymous_7)
FNDA:0,(anonymous_8)
FNDA:1,(anonymous_9)
FNDA:0,(anonymous_10)
DA:18,1
DA:20,1
DA:21,0
DA:23,0
DA:28,2
DA:29,2
DA:33,0
DA:34,0
DA:37,0
DA:44,1
DA:45,1
DA:46,0
DA:47,0
DA:48,0
DA:52,1
DA:53,1
DA:54,0
LF:17
LH:8
BRDA:29,0,0,2
BRDA:29,0,1,0
BRDA:33,1,0,0
BRDA:33,1,1,0
BRDA:33,2,0,0
BRDA:33,2,1,0
BRDA:38,3,0,0
BRDA:38,3,1,0
BRF:8
BRH:1
end_of_record
TN:
SF:src\core\i18n\I18nProvider.tsx
FN:10,(anonymous_0)
FN:11,(anonymous_1)
FN:29,(anonymous_2)
FN:32,(anonymous_3)
FN:40,(anonymous_4)
FN:41,(anonymous_5)
FN:45,(anonymous_6)
FN:64,(anonymous_7)
FN:69,(anonymous_8)
FNF:9
FNH:9
FNDA:21,(anonymous_0)
FNDA:42,(anonymous_1)
FNDA:43,(anonymous_2)
FNDA:22,(anonymous_3)
FNDA:20,(anonymous_4)
FNDA:20,(anonymous_5)
FNDA:21,(anonymous_6)
FNDA:11,(anonymous_7)
FNDA:43,(anonymous_8)
DA:10,10
DA:11,21
DA:12,20
DA:29,10
DA:30,43
DA:32,43
DA:35,22
DA:37,22
DA:40,20
DA:42,20
DA:43,20
DA:46,21
DA:48,1
DA:52,1
DA:53,1
DA:54,1
DA:60,0
DA:61,0
DA:64,22
DA:65,11
DA:69,43
DA:70,43
DA:75,43
DA:77,21
LF:24
LH:22
BRDA:29,0,0,43
BRDA:46,1,0,20
BRDA:46,1,1,1
BRDA:46,2,0,21
BRDA:46,2,1,1
BRDA:52,3,0,1
BRDA:52,3,1,0
BRDA:53,4,0,1
BRDA:53,4,1,0
BRDA:70,5,0,21
BRDA:70,5,1,22
BRDA:75,6,0,22
BRDA:75,6,1,21
BRF:13
BRH:11
end_of_record
TN:
SF:src\core\i18n\activateCatalog.ts
FN:37,(anonymous_0)
FN:37,(anonymous_0)
FNF:2
FNH:2
FNDA:6,(anonymous_0)
FNDA:28,(anonymous_0)
DA:37,11
DA:40,28
DA:41,28
DA:43,3
DA:48,24
DA:50,22
DA:51,22
LF:7
LH:7
BRDA:48,0,0,2
BRDA:48,0,1,22
BRF:2
BRH:2
end_of_record
TN:
SF:src\core\i18n\localeContext.ts
FN:21,(anonymous_0)
FNF:1
FNH:1
FNDA:2,(anonymous_0)
DA:1,10
DA:19,10
DA:21,10
DA:22,2
DA:23,2
DA:24,2
LF:6
LH:6
BRDA:23,0,0,0
BRDA:23,0,1,2
BRF:2
BRH:1
end_of_record
TN:
SF:src\core\i18n\locales.ts
FN:20,(anonymous_0)
FN:23,(anonymous_1)
FN:27,(anonymous_2)
FN:20,(anonymous_0)
FN:23,(anonymous_1)
FNF:5
FNH:5
FNDA:14,(anonymous_0)
FNDA:7,(anonymous_1)
FNDA:5,(anonymous_2)
FNDA:26,(anonymous_0)
FNDA:7,(anonymous_1)
DA:10,12
DA:18,12
DA:20,26
DA:23,12
DA:24,7
DA:25,6
DA:26,3
DA:27,6
DA:28,6
DA:30,2
LF:10
LH:10
BRDA:25,0,0,3
BRDA:25,0,1,3
BRDA:28,1,0,2
BRDA:28,1,1,4
BRF:4
BRH:4
end_of_record
TN:
SF:src\core\i18n\negotiate.ts
FN:12,(anonymous_0)
FN:19,(anonymous_1)
FN:30,(anonymous_2)
FNF:3
FNH:0
FNDA:0,(anonymous_0)
FNDA:0,(anonymous_1)
FNDA:0,(anonymous_2)
DA:3,10
DA:12,10
DA:13,0
DA:14,0
DA:15,0
DA:16,0
DA:19,10
DA:20,0
DA:21,0
DA:22,0
DA:26,0
DA:30,10
DA:31,0
DA:32,0
LF:14
LH:4
BRDA:14,0,0,0
BRDA:14,0,1,0
BRDA:15,1,0,0
BRDA:15,1,1,0
BRDA:16,2,0,0
BRDA:16,2,1,0
BRDA:22,3,0,0
BRDA:22,3,1,0
BRDA:22,4,0,0
BRDA:22,4,1,0
BRF:10
BRH:0
end_of_record
TN:
SF:src\core\router\AppRoutes.tsx
FN:10,(anonymous_0)
FNF:1
FNH:0
FNDA:0,(anonymous_0)
DA:10,0
DA:11,0
LF:2
LH:0
BRF:0
BRH:0
end_of_record
TN:
SF:src\core\router\CountryRoute.tsx
FN:21,(anonymous_0)
FN:54,(anonymous_1)
FNF:2
FNH:2
FNDA:11,(anonymous_0)
FNDA:1,(anonymous_1)
DA:21,1
DA:22,11
DA:23,11
DA:27,11
DA:31,11
DA:33,11
DA:40,11
DA:41,11
DA:45,11
DA:54,6
DA:55,3
DA:57,2
LF:12
LH:12
BRDA:22,0,0,11
BRDA:22,1,0,11
BRDA:31,2,0,11
BRDA:31,2,1,11
BRDA:31,2,2,11
BRDA:40,3,0,0
BRDA:40,3,1,11
BRDA:41,4,0,0
BRDA:41,4,1,11
BRDA:41,5,0,11
BRDA:41,5,1,11
BRDA:45,6,0,5
BRDA:45,6,1,6
BRDA:54,7,0,3
BRDA:54,7,1,3
BRDA:55,8,0,1
BRDA:55,8,1,2
BRF:17
BRH:15
end_of_record
TN:
SF:src\core\router\LocaleShell.tsx
FN:17,(anonymous_0)
FNF:1
FNH:0
FNDA:0,(anonymous_0)
DA:17,0
DA:18,0
DA:19,0
DA:20,0
DA:22,0
LF:5
LH:0
BRDA:19,0,0,0
BRDA:19,0,1,0
BRDA:20,1,0,0
BRDA:20,1,1,0
BRDA:20,1,2,0
BRF:5
BRH:0
end_of_record
TN:
SF:src\core\router\RootRedirect.tsx
FN:13,(anonymous_0)
FNF:1
FNH:0
FNDA:0,(anonymous_0)
DA:13,0
LF:1
LH:0
BRF:0
BRH:0
end_of_record
TN:
SF:src\core\router\paths.ts
FN:11,(anonymous_0)
FN:14,(anonymous_1)
FN:15,(anonymous_2)
FN:23,(anonymous_3)
FN:30,(anonymous_4)
FN:33,(anonymous_5)
FN:36,(anonymous_6)
FN:37,(anonymous_7)
FN:38,(anonymous_8)
FN:40,(anonymous_9)
FN:41,(anonymous_10)
FN:53,(anonymous_11)
FN:14,(anonymous_1)
FN:23,(anonymous_3)
FN:30,(anonymous_4)
FN:41,(anonymous_10)
FN:53,(anonymous_11)
FNF:17
FNH:17
FNDA:17,(anonymous_0)
FNDA:14,(anonymous_1)
FNDA:45,(anonymous_2)
FNDA:5,(anonymous_3)
FNDA:6,(anonymous_4)
FNDA:5,(anonymous_5)
FNDA:1,(anonymous_6)
FNDA:1,(anonymous_7)
FNDA:1,(anonymous_8)
FNDA:1,(anonymous_9)
FNDA:1,(anonymous_10)
FNDA:8,(anonymous_11)
FNDA:36,(anonymous_1)
FNDA:16,(anonymous_3)
FNDA:6,(anonymous_4)
FNDA:1,(anonymous_10)
FNDA:8,(anonymous_11)
DA:11,17
DA:14,2
DA:15,45
DA:23,16
DA:30,6
DA:33,5
DA:35,2
DA:36,1
DA:37,1
DA:39,1
DA:40,1
DA:41,2
DA:53,2
DA:54,8
DA:55,8
DA:56,2
DA:58,6
LF:17
LH:17
BRDA:15,0,0,36
BRDA:15,0,1,7
BRDA:23,1,0,2
BRDA:23,1,1,14
BRDA:30,2,0,2
BRDA:30,2,1,4
BRDA:53,3,0,8
BRDA:53,4,0,8
BRDA:55,5,0,2
BRDA:55,5,1,6
BRDA:55,6,0,8
BRDA:55,6,1,8
BRDA:55,6,2,3
BRF:13
BRH:13
end_of_record
TN:
SF:src\core\theme\AppTheme.tsx
FN:45,(anonymous_0)
FN:48,(anonymous_1)
FN:50,(anonymous_2)
FNF:3
FNH:3
FNDA:19,(anonymous_0)
FNDA:19,(anonymous_1)
FNDA:19,(anonymous_2)
DA:14,10
DA:45,10
DA:46,19
DA:47,19
DA:48,19
DA:50,19
DA:51,19
DA:54,19
LF:8
LH:8
BRDA:45,0,0,19
BRDA:45,1,0,19
BRDA:47,2,0,19
BRDA:47,2,1,0
BRF:4
BRH:3
end_of_record
TN:
SF:src\core\theme\systemMode.ts
FN:18,(anonymous_0)
FN:28,(anonymous_1)
FN:33,(anonymous_2)
FN:18,(anonymous_0)
FN:28,(anonymous_1)
FNF:5
FNH:5
FNDA:3,(anonymous_0)
FNDA:1,(anonymous_1)
FNDA:11,(anonymous_2)
FNDA:60,(anonymous_0)
FNDA:20,(anonymous_1)
DA:16,11
DA:18,60
DA:28,11
DA:29,20
DA:31,20
DA:33,20
LF:6
LH:6
BRDA:18,0,0,1
BRDA:18,0,1,59
BRF:2
BRH:2
end_of_record
TN:
SF:src\core\theme\theme.ts
FN:14,(anonymous_0)
FN:36,(anonymous_1)
FN:36,(anonymous_1)
FNF:3
FNH:3
FNDA:280,(anonymous_0)
FNDA:9,(anonymous_1)
FNDA:28,(anonymous_1)
DA:14,280
DA:36,11
DA:37,28
DA:39,28
LF:4
LH:4
BRDA:19,0,0,28
BRDA:19,0,1,252
BRDA:19,1,0,280
BRDA:19,1,1,28
BRDA:37,2,0,4
BRDA:37,2,1,24
BRF:6
BRH:6
end_of_record
TN:
SF:src\core\theme\tokens.ts
FNF:0
FNH:0
DA:15,12
DA:34,12
DA:98,12
DA:144,12
DA:151,12
DA:170,12
DA:177,12
DA:183,12
LF:8
LH:8
BRF:0
BRH:0
end_of_record
TN:
SF:src\core\theme\useSystemMode.ts
FN:13,(anonymous_0)
FN:15,(anonymous_1)
FNF:2
FNH:1
FNDA:0,(anonymous_0)
FNDA:19,(anonymous_1)
DA:1,10
DA:13,10
DA:15,19
LF:3
LH:3
BRF:0
BRH:0
end_of_record
TN:
SF:src\screens\NotFound.tsx
FN:11,(anonymous_0)
FNF:1
FNH:1
FNDA:3,(anonymous_0)
DA:11,3
DA:12,3
LF:2
LH:2
BRF:0
BRH:0
end_of_record
TN:
SF:src\screens\Placeholder.tsx
FN:24,(anonymous_0)
FN:49,(anonymous_1)
FNF:2
FNH:0
FNDA:0,(anonymous_0)
FNDA:0,(anonymous_1)
DA:24,1
DA:25,0
DA:26,0
DA:27,0
DA:35,0
DA:37,0
DA:50,0
LF:7
LH:1
BRF:0
BRH:0
end_of_record
TN:
SF:src\screens\Unreachable.tsx
FN:27,(anonymous_0)
FNF:1
FNH:1
FNDA:5,(anonymous_0)
DA:27,2
DA:28,5
LF:2
LH:2
BRF:0
BRH:0
end_of_record
TN:
SF:src\shared\app-shell\AppShell.tsx
FN:20,(anonymous_0)
FNF:1
FNH:1
FNDA:2,(anonymous_0)
DA:20,1
DA:21,2
LF:2
LH:2
BRF:0
BRH:0
end_of_record
TN:
SF:src\shared\country-name\CountryName.tsx
FN:17,(anonymous_0)
FNF:1
FNH:1
FNDA:5,(anonymous_0)
DA:17,2
DA:18,5
DA:20,5
DA:21,1
DA:28,4
LF:5
LH:5
BRDA:17,0,0,5
BRDA:20,1,0,1
BRDA:20,1,1,4
BRF:3
BRH:3
end_of_record
TN:
SF:src\shared\page\Page.tsx
FN:18,(anonymous_0)
FNF:1
FNH:1
FNDA:14,(anonymous_0)
DA:18,5
DA:19,14
DA:21,14
LF:3
LH:3
BRDA:18,0,0,14
BRDA:24,1,0,13
BRDA:24,1,1,1
BRF:3
BRH:3
end_of_record
TN:
SF:src\shared\reading\Reading.tsx
FN:14,(anonymous_0)
FNF:1
FNH:1
FNDA:9,(anonymous_0)
DA:14,4
DA:15,9
DA:17,9
LF:3
LH:3
BRF:0
BRH:0
end_of_record
TN:
SF:src\shared\tile-grid\TileGrid.tsx
FN:18,(anonymous_0)
FNF:1
FNH:1
FNDA:2,(anonymous_0)
DA:18,1
DA:19,2
DA:21,2
LF:3
LH:3
BRDA:18,0,0,2
BRF:1
BRH:1
end_of_record
